持有股票数量:	0
订阅股票数量:	455
持有股票数量:	455
订阅股票数量:	453
持有股票数量:	455
订阅股票数量:	453
持有股票数量:	455
订阅股票数量:	453
持有股票数量:	455
订阅股票数量:	449
持有股票数量:	455
订阅股票数量:	449
持有股票数量:	455
订阅股票数量:	447
持有股票数量:	455
订阅股票数量:	447
持有股票数量:	455
订阅股票数量:	449
持有股票数量:	455
订阅股票数量:	452
持有股票数量:	455
订阅股票数量:	452
持有股票数量:	455
订阅股票数量:	453
持有股票数量:	455
订阅股票数量:	454
持有股票数量:	455
订阅股票数量:	454
持有股票数量:	455
订阅股票数量:	454
持有股票数量:	455
订阅股票数量:	452
持有股票数量:	455
订阅股票数量:	452
持有股票数量:	455
订阅股票数量:	452
持有股票数量:	455
订阅股票数量:	453
持有股票数量:	455
订阅股票数量:	454
持有股票数量:	455
订阅股票数量:	456
持有股票数量:	455
订阅股票数量:	460
持有股票数量:	455
订阅股票数量:	461
持有股票数量:	455
订阅股票数量:	464
持有股票数量:	455
订阅股票数量:	465
持有股票数量:	455
订阅股票数量:	465
持有股票数量:	455
订阅股票数量:	463
持有股票数量:	455
订阅股票数量:	465
持有股票数量:	455
订阅股票数量:	466
持有股票数量:	455
订阅股票数量:	468
持有股票数量:	455
订阅股票数量:	467
持有股票数量:	487
订阅股票数量:	467
持有股票数量:	487
订阅股票数量:	467
持有股票数量:	487
订阅股票数量:	466
持有股票数量:	487
订阅股票数量:	465
持有股票数量:	488
订阅股票数量:	466
持有股票数量:	488
订阅股票数量:	469
持有股票数量:	488
订阅股票数量:	469
持有股票数量:	489
订阅股票数量:	469
持有股票数量:	489
订阅股票数量:	470
持有股票数量:	489
订阅股票数量:	473
持有股票数量:	489
订阅股票数量:	475
持有股票数量:	489
订阅股票数量:	475
持有股票数量:	491
订阅股票数量:	474
持有股票数量:	491
订阅股票数量:	472
持有股票数量:	491
订阅股票数量:	469
持有股票数量:	491
订阅股票数量:	468
持有股票数量:	491
订阅股票数量:	468
持有股票数量:	491
订阅股票数量:	465
持有股票数量:	491
订阅股票数量:	468
持有股票数量:	492
订阅股票数量:	468
持有股票数量:	492
订阅股票数量:	467
持有股票数量:	492
订阅股票数量:	467
持有股票数量:	494
订阅股票数量:	465
持有股票数量:	494
订阅股票数量:	465
持有股票数量:	494
订阅股票数量:	465
持有股票数量:	494
订阅股票数量:	464
持有股票数量:	494
订阅股票数量:	465
持有股票数量:	494
订阅股票数量:	465
持有股票数量:	495
订阅股票数量:	463
持有股票数量:	495
订阅股票数量:	463
持有股票数量:	495
订阅股票数量:	463
持有股票数量:	495
订阅股票数量:	462
持有股票数量:	495
订阅股票数量:	462
持有股票数量:	495
订阅股票数量:	462
持有股票数量:	496
订阅股票数量:	462
持有股票数量:	496
订阅股票数量:	463
持有股票数量:	496
订阅股票数量:	462
持有股票数量:	496
订阅股票数量:	462
持有股票数量:	496
订阅股票数量:	462
持有股票数量:	496
订阅股票数量:	461
持有股票数量:	496
订阅股票数量:	461
持有股票数量:	497
订阅股票数量:	462
持有股票数量:	496
订阅股票数量:	463
持有股票数量:	497
订阅股票数量:	464
持有股票数量:	497
订阅股票数量:	463
持有股票数量:	497
订阅股票数量:	464
持有股票数量:	498
订阅股票数量:	466
持有股票数量:	498
订阅股票数量:	466
持有股票数量:	498
订阅股票数量:	469
持有股票数量:	498
订阅股票数量:	468
持有股票数量:	498
订阅股票数量:	465
持有股票数量:	498
订阅股票数量:	464
持有股票数量:	498
订阅股票数量:	466
持有股票数量:	498
订阅股票数量:	466
持有股票数量:	498
订阅股票数量:	466
持有股票数量:	498
订阅股票数量:	467
持有股票数量:	498
订阅股票数量:	468
持有股票数量:	498
订阅股票数量:	469
持有股票数量:	498
订阅股票数量:	470
持有股票数量:	498
订阅股票数量:	470
持有股票数量:	498
订阅股票数量:	466
持有股票数量:	498
订阅股票数量:	466
持有股票数量:	498
订阅股票数量:	467
持有股票数量:	498
订阅股票数量:	466
持有股票数量:	498
订阅股票数量:	466
持有股票数量:	498
订阅股票数量:	463
持有股票数量:	498
订阅股票数量:	462
持有股票数量:	498
订阅股票数量:	461
持有股票数量:	499
订阅股票数量:	462
持有股票数量:	499
订阅股票数量:	459
持有股票数量:	499
订阅股票数量:	456
持有股票数量:	499
订阅股票数量:	457
持有股票数量:	499
订阅股票数量:	456
持有股票数量:	499
订阅股票数量:	456
持有股票数量:	499
订阅股票数量:	458
持有股票数量:	500
订阅股票数量:	455
持有股票数量:	500
订阅股票数量:	456
持有股票数量:	500
订阅股票数量:	454
持有股票数量:	500
订阅股票数量:	455
持有股票数量:	500
订阅股票数量:	455
持有股票数量:	500
订阅股票数量:	457
持有股票数量:	500
订阅股票数量:	458
持有股票数量:	500
订阅股票数量:	505
