========================================日期:	20130104
持有股票数量:	0
订阅股票数量:	451
0
=======建立底仓股票数量:	451
451
451
451
451
451
451
451
451
451
451
451
451
451
451
451
451
451
451
451
451
451
451
451
451
451
451
451
451
451
451
451
451
451
451
451
451
451
451
451
451
451
451
451
451
451
451
451
451
451
451
451
451
451
451
451
451
451
451
451
451
451
451
451
451
451
451
451
451
451
451
451
451
451
451
451
451
451
451
451
451
451
451
451
451
451
451
451
451
451
451
451
451
451
451
451
451
451
451
451
451
451
451
451
451
451
451
451
451
451
451
451
451
451
451
451
451
451
451
451
451
451
451
451
451
451
451
451
451
451
451
451
451
451
451
451
451
451
451
451
451
451
451
451
451
451
451
451
451
451
451
451
451
451
451
451
451
451
451
451
451
451
451
451
451
451
451
451
451
451
451
451
451
451
451
451
451
451
451
451
451
451
451
451
451
451
451
451
451
451
451
451
451
451
451
451
451
451
451
451
451
451
451
451
451
451
451
451
451
451
451
451
451
451
451
451
451
451
451
451
451
451
451
451
451
451
451
451
451
451
451
451
451
451
451
451
451
451
451
451
========================================日期:	20130107
持有股票数量:	451
订阅股票数量:	498
451
=======建立底仓股票数量:	47
=================时间:	093000
Buy orders
[['002276' '5.18' '19300.0' '1']
 ['000099' '7.55' '13200.0' '1']
 ['600725' '4.13' '24200.0' '1']
 ['000823' '9.38' '10600.0' '1']
 ['601908' '6.18' '16200.0' '1']
 ['600151' '5.43' '18400.0' '1']
 ['600158' '5.85' '17100.0' '1']
 ['600654' '4.14' '24200.0' '1']
 ['601311' '8.42' '11900.0' '1']
 ['000533' '3.98' '25200.0' '1']
 ['600072' '13.45' '7400.0' '1']
 ['000925' '8.69' '11500.0' '1']
 ['002022' '10.98' '9100.0' '1']
 ['600387' '8.77' '11400.0' '1']
 ['600386' '6.85' '14600.0' '1']
 ['600380' '4.66' '21500.0' '1']
 ['600479' '11.86' '8400.0' '1']
 ['600572' '9.65' '10300.0' '1']
 ['600475' '9.83' '10200.0' '1']
 ['600298' '15.98' '6200.0' '1']
 ['600200' '7.38' '13500.0' '1']
 ['000997' '8.0' '12500.0' '1']
 ['000998' '20.1' '4900.0' '1']
 ['601002' '10.63' '9400.0' '1']
 ['000848' '14.14' '7000.0' '1']
 ['600429' '6.46' '15500.0' '1']
 ['002332' '9.72' '10300.0' '1']
 ['600851' '5.4' '18500.0' '1']
 ['000690' '4.62' '21700.0' '1']
 ['000066' '3.3' '30300.0' '1']
 ['600584' '4.19' '23900.0' '1']
 ['600589' '5.5' '18200.0' '1']
 ['600750' '19.62' '5100.0' '1']
 ['600246' '3.85' '26000.0' '1']
 ['002414' '16.12' '6200.0' '1']
 ['002064' '4.79' '20900.0' '1']
 ['600537' '8.83' '11300.0' '1']
 ['600531' '16.9' '5900.0' '1']
 ['002097' '6.74' '14800.0' '1']
 ['600106' '4.02' '24900.0' '1']
 ['600103' '2.89' '34700.0' '1']
 ['600325' '8.51' '11700.0' '1']
 ['600322' '3.83' '26100.0' '1']
 ['600240' '4.63' '21600.0' '1']
 ['600328' '6.57' '15200.0' '1']
 ['002465' '28.66' '3500.0' '1']
 ['002461' '8.66' '11500.0' '1']
 ['000962' '12.42' '8000.0' '1']
 ['600408' '3.98' '25200.0' '1']
 ['600409' '3.8' '26300.0' '1']
 ['000708' '7.57' '13200.0' '1']
 ['600866' '4.72' '21200.0' '1']
 ['002293' '42.5' '2300.0' '1']
 ['000031' '4.39' '22800.0' '1']
 ['002191' '8.99' '11100.0' '1']
 ['000918' '3.97' '25200.0' '1']
 ['000912' '5.02' '19900.0' '1']
 ['600162' '4.9' '20400.0' '1']
 ['600210' '3.47' '28900.0' '1']
 ['000852' '13.98' '7100.0' '1']
 ['600287' '5.81' '17200.0' '1']
 ['600825' '4.86' '20600.0' '1']
 ['002498' '8.98' '11100.0' '1']
 ['002392' '7.29' '13700.0' '1']
 ['002393' '31.75' '3100.0' '1']
 ['002254' '8.94' '11200.0' '1']
 ['000078' '6.36' '15700.0' '1']
 ['002252' '14.19' '7000.0' '1']
 ['600740' '8.62' '11600.0' '1']
 ['600622' '7.15' '14000.0' '1']
 ['600748' '9.06' '11000.0' '1']
 ['601208' '6.25' '16000.0' '1']
 ['600488' '5.38' '18600.0' '1']
 ['600521' '11.4' '8700.0' '1']
 ['600482' '7.57' '13200.0' '1']
 ['000159' '6.37' '15700.0' '1']
 ['000829' '3.89' '25700.0' '1']
 ['600312' '7.2' '13900.0' '1']
 ['000417' '7.44' '13400.0' '1']
 ['600251' '16.13' '6200.0' '1']
 ['000777' '18.03' '5500.0' '1']
 ['000554' '4.86' '20600.0' '1']
 ['000959' '2.79' '35900.0' '1']
 ['600416' '5.18' '19300.0' '1']
 ['000732' '8.05' '12400.0' '1']
 ['000738' '8.35' '12000.0' '1']
 ['000301' '3.06' '32700.0' '1']
 ['002218' '6.08' '16400.0' '1']
 ['600879' '6.42' '15600.0' '1']
 ['600872' '4.5' '22200.0' '1']
 ['601777' '6.31' '15800.0' '1']
 ['600673' '7.74' '12900.0' '1']
 ['600171' '4.7' '21300.0' '1']
 ['600773' '11.38' '8800.0' '1']
 ['000518' '4.07' '24600.0' '1']
 ['000510' '5.82' '17200.0' '1']
 ['000511' '3.78' '26500.0' '1']
 ['600330' '5.25' '19100.0' '1']
 ['600227' '3.61' '27700.0' '1']
 ['600351' '5.35' '18700.0' '1']
 ['600428' '4.1' '24400.0' '1']
 ['600835' '8.0' '12500.0' '1']
 ['000762' '12.5' '8000.0' '1']
 ['601801' '10.27' '9700.0' '1']
 ['002386' '6.46' '15500.0' '1']
 ['000088' '4.03' '24800.0' '1']
 ['002384' '8.85' '11300.0' '1']
 ['600639' '8.9' '11200.0' '1']
 ['600737' '5.25' '19100.0' '1']
 ['600888' '10.0' '10000.0' '1']
 ['002161' '6.07' '16500.0' '1']
 ['600995' '5.57' '18000.0' '1']
 ['600643' '7.84' '12700.0' '1']
 ['600641' '4.43' '22600.0' '1']
 ['600067' '6.7' '14900.0' '1']
 ['600064' '11.84' '8400.0' '1']
 ['000517' '7.37' '13600.0' '1']
 ['600063' '2.62' '38200.0' '1']
 ['000541' '6.55' '15300.0' '1']
 ['000932' '2.31' '43400.0' '1']
 ['600300' '7.03' '14200.0' '1']
 ['600993' '13.95' '7100.0' '1']
 ['002444' '10.58' '9400.0' '1']
 ['600468' '10.57' '9400.0' '1']
 ['600460' '3.72' '26900.0' '1']
 ['000682' '3.05' '32800.0' '1']
 ['000683' '4.78' '20900.0' '1']
 ['000685' '11.25' '8900.0' '1']
 ['601011' '10.73' '9300.0' '1']
 ['600261' '8.8' '11300.0' '1']
 ['002223' '15.34' '6500.0' '1']
 ['600590' '5.97' '16800.0' '1']
 ['600597' '9.66' '10300.0' '1']
 ['600594' '19.9' '5000.0' '1']
 ['000713' '10.62' '9400.0' '1']
 ['600601' '2.36' '42500.0' '1']
 ['600161' '13.41' '7400.0' '1']
 ['600765' '7.49' '13300.0' '1']
 ['000501' '11.98' '8300.0' '1']
 ['000931' '5.55' '18000.0' '1']
 ['600112' '10.41' '9600.0' '1']
 ['002653' '28.94' '3400.0' '1']
 ['000897' '2.85' '35100.0' '1']
 ['601126' '13.99' '7100.0' '1']]
Sell orders
[['600311' '8.02' '12100' '-1']
 ['002574' '15.0' '6400' '-1']
 ['000627' '2.77' '35300' '-1']
 ['600651' '4.62' '21000' '-1']
 ['600078' '8.22' '11700' '-1']
 ['002025' '10.97' '8800' '-1']
 ['600388' '21.41' '4400' '-1']
 ['002238' '10.46' '9200' '-1']
 ['002230' '28.5' '3200' '-1']
 ['002489' '8.74' '11100' '-1']
 ['600618' '8.01' '12200' '-1']
 ['002140' '21.23' '4600' '-1']
 ['600978' '4.81' '20200' '-1']
 ['600810' '5.33' '18100' '-1']
 ['600869' '7.66' '12500' '-1']
 ['002194' '5.89' '16400' '-1']
 ['600662' '3.88' '25100' '-1']
 ['002585' '9.49' '10100' '-1']
 ['000988' '5.44' '17800' '-1']
 ['000598' '7.28' '13400' '-1']
 ['600289' '5.68' '17100' '-1']
 ['002320' '9.32' '10300' '-1']
 ['002326' '11.18' '8500' '-1']
 ['000822' '3.98' '24600' '-1']
 ['002475' '27.07' '3500' '-1']
 ['600557' '19.78' '4800' '-1']
 ['600551' '9.38' '10400' '-1']
 ['002601' '22.13' '4200' '-1']
 ['601999' '6.16' '15800' '-1']
 ['600059' '11.1' '8700' '-1']
 ['600198' '8.0' '12100' '-1']
 ['600226' '5.79' '16500' '-1']
 ['002646' '23.2' '4200' '-1']
 ['600290' '5.03' '19400' '-1']
 ['600069' '5.14' '18100' '-1']
 ['600636' '12.88' '7400' '-1']
 ['002168' '6.95' '13600' '-1']
 ['600121' '7.53' '12900' '-1']
 ['002340' '11.38' '8300' '-1']
 ['000755' '5.09' '19100' '-1']
 ['002534' '13.42' '7200' '-1']
 ['600163' '3.66' '26100' '-1']
 ['002011' '8.95' '10800' '-1']
 ['600503' '4.43' '21300' '-1']
 ['600333' '8.27' '11700' '-1']
 ['600339' '4.64' '21200' '-1']
 ['000659' '2.71' '35900' '-1']]
Sell removed stocks
[[u'000514' u'4.97' u'20000' u'-1']
 [u'600033' u'2.22' u'44600' u'-1']
 [u'000539' u'5.88' u'16900' u'-1']
 [u'002311' u'16.64' u'5900' u'-1']
 [u'002109' u'7.48' u'13100' u'-1']
 [u'600819' u'5.85' u'17400' u'-1']
 [u'000597' u'6.31' u'15800' u'-1']
 [u'000158' u'3.37' u'29500' u'-1']
 [u'000571' u'4.87' u'20100' u'-1']
 [u'600602' u'3.45' u'28400' u'-1']
 [u'600724' u'7.11' u'13500' u'-1']
 [u'600707' u'5.68' u'17400' u'-1']
 [u'000949' u'2.75' u'35500' u'-1']
 [u'600623' u'8.42' u'11900' u'-1']
 [u'000837' u'5.55' u'18200' u'-1']
 [u'600782' u'4.15' u'23700' u'-1']
 [u'600340' u'28.3' u'3400' u'-1']
 [u'600575' u'6.99' u'14000' u'-1']
 [u'600288' u'6.41' u'15400' u'-1']
 [u'600107' u'7.32' u'13200' u'-1']
 [u'002051' u'26.9' u'3400' u'-1']
 [u'000656' u'15.01' u'6800' u'-1']
 [u'600061' u'4.29' u'22800' u'-1']
 [u'600360' u'3.73' u'26300' u'-1']
 [u'002383' u'16.17' u'5800' u'-1']
 [u'601588' u'3.02' u'32300' u'-1']
 [u'000750' u'12.33' u'8200' u'-1']
 [u'000617' u'8.36' u'12000' u'-1']
 [u'002110' u'5.0' u'19400' u'-1']
 [u'002075' u'3.73' u'25900' u'-1']
 [u'600789' u'4.06' u'25100' u'-1']
 [u'600157' u'9.48' u'10400' u'-1']
 [u'600676' u'4.12' u'23900' u'-1']
 [u'600178' u'5.32' u'18300' u'-1']
 [u'601107' u'3.36' u'29600' u'-1']
 [u'000029' u'4.02' u'24200' u'-1']
 [u'601000' u'3.3' u'29600' u'-1']
 [u'600637' u'15.88' u'6200' u'-1']
 [u'600507' u'4.15' u'24600' u'-1']
 [u'000963' u'33.34' u'2900' u'-1']
 [u'600293' u'6.93' u'14000' u'-1']
 [u'600569' u'2.22' u'43400' u'-1']
 [u'600653' u'2.53' u'38900' u'-1']]
408
=================时间:	093100
Buy orders
[['002249' '6.91' '14400.0' '1']
 ['000631' '7.19' '13800.0' '1']
 ['601010' '14.21' '7000.0' '1']
 ['000850' '4.99' '20000.0' '1']
 ['600326' '8.89' '11200.0' '1']
 ['000655' '13.19' '7500.0' '1']]
408
=================时间:	093200
Buy orders
[['600867' '9.39' '10600.0' '1']
 ['600509' '8.52' '11700.0' '1']
 ['600487' '20.85' '4700.0' '1']]
408
=================时间:	093300
Buy orders
[['600199' '19.03' '5200.0' '1']
 ['002242' '7.08' '14100.0' '1']
 ['002179' '13.25' '7500.0' '1']]
408
408
408
=================时间:	093600
Buy orders
[['600829' '8.91' '11200.0' '1']]
408
=================时间:	093700
Buy orders
[['002292' '18.63' '5300.0' '1']]
408
=================时间:	093800
Buy orders
[['002277' '9.7' '10200.0' '1']]
408
=================时间:	093900
Buy orders
[['600858' '9.85' '10100.0' '1']]
408
=================时间:	094000
Buy orders
[['002342' '7.3' '13600.0' '1']
 ['600117' '5.08' '19600.0' '1']]
408
408
=================时间:	094200
Buy orders
[['600284' '9.06' '11000.0' '1']
 ['600675' '5.35' '18600.0' '1']]
408
=================时间:	094300
Buy orders
[['600657' '4.25' '23400.0' '1']]
408
=================时间:	094400
Buy orders
[['000612' '11.05' '9000.0' '1']
 ['600231' '4.89' '20400.0' '1']]
408
=================时间:	094500
Buy orders
[['600586' '3.59' '27800.0' '1']]
408
=================时间:	094600
Buy orders
[['600038' '18.68' '5300.0' '1']
 ['002309' '11.69' '8500.0' '1']]
408
408
408
=================时间:	094900
Buy orders
[['000987' '11.98' '8300.0' '1']]
408
408
408
=================时间:	095200
Buy orders
[['600790' '6.34' '15700.0' '1']]
408
=================时间:	095300
Buy orders
[['002651' '14.27' '6900.0' '1']]
408
408
408
408
408
408
408
408
408
408
408
408
408
408
408
=================时间:	100800
Buy orders
[['002028' '13.99' '7100.0' '1']]
408
=================时间:	100900
Buy orders
[['600086' '22.0' '4500.0' '1']]
408
408
408
408
=================时间:	101300
Buy orders
[['002204' '12.82' '7700.0' '1']]
408
408
=================时间:	101500
Buy orders
[['002315' '31.25' '3100.0' '1']]
408
408
=================时间:	101700
Buy orders
[['000786' '17.77' '5600.0' '1']]
408
=================时间:	101800
Buy orders
[['600612' '21.76' '4500.0' '1']]
408
408
408
408
408
408
408
408
408
408
408
408
408
=================时间:	103100
Buy orders
[['600723' '7.62' '13100.0' '1']]
408
408
=================时间:	103300
Sell orders
[['601880' '2.75' '35000' '-1']]
407
407
407
407
=================时间:	103700
Buy orders
[['600523' '9.45' '10500.0' '1']]
407
407
407
407
407
407
=================时间:	104300
Buy orders
[['000861' '14.04' '7100.0' '1']]
407
407
407
=================时间:	104600
Buy orders
[['002294' '38.76' '2500.0' '1']]
407
407
407
407
407
407
407
407
407
407
407
407
407
407
407
407
407
407
407
407
407
407
407
407
407
407
407
407
407
407
407
407
407
407
407
407
407
407
407
407
407
407
407
=================时间:	112900
Buy orders
[['600073' '6.74' '14800.0' '1']]
407
407
407
407
407
407
407
407
407
407
407
407
407
407
407
407
407
407
407
407
407
407
407
407
407
407
407
407
407
=================时间:	132800
Buy orders
[['600511' '14.35' '6900.0' '1']]
407
407
407
407
407
407
407
407
407
407
407
407
407
407
407
407
407
407
407
407
407
407
407
407
407
407
407
407
407
407
407
407
407
407
=================时间:	140200
Buy orders
[['601678' '10.18' '9800.0' '1']]
407
407
407
407
=================时间:	140600
Buy orders
[['002181' '8.65' '11500.0' '1']]
407
407
407
=================时间:	140900
Buy orders
[['002408' '16.81' '5900.0' '1']]
407
407
407
407
407
407
407
407
407
=================时间:	141800
Buy orders
[['002123' '8.89' '11200.0' '1']]
407
407
407
407
407
407
407
407
407
=================时间:	142700
Buy orders
[['000816' '5.38' '18500.0' '1']]
407
407
407
407
407
407
407
407
407
407
407
407
407
407
407
407
407
407
407
407
407
407
407
407
407
407
407
407
407
407
407
407
========================================日期:	20130108
持有股票数量:	407
订阅股票数量:	453
407
=======建立底仓股票数量:	0
=================时间:	093000
Buy orders
[['000627' '2.8' '70900.0' '1']
 ['601388' '11.83' '8400.0' '1']
 ['002050' '9.44' '10500.0' '1']
 ['002118' '7.48' '13300.0' '1']
 ['600651' '4.64' '42500.0' '1']
 ['600078' '8.56' '23300.0' '1']
 ['600388' '21.74' '8900.0' '1']
 ['600470' '9.13' '10900.0' '1']
 ['002232' '6.21' '16000.0' '1']
 ['603077' '15.66' '6300.0' '1']
 ['002489' '8.89' '22300.0' '1']
 ['600831' '6.56' '15200.0' '1']
 ['600830' '6.51' '15300.0' '1']
 ['600618' '8.16' '24400.0' '1']
 ['002140' '21.0' '9300.0' '1']
 ['000566' '10.1' '9800.0' '1']
 ['600810' '5.37' '36600.0' '1']
 ['000919' '6.93' '14400.0' '1']
 ['002585' '9.74' '20300.0' '1']
 ['600289' '5.75' '34400.0' '1']
 ['002320' '9.58' '20700.0' '1']
 ['600826' '11.05' '9000.0' '1']
 ['000822' '3.98' '49600.0' '1']
 ['002475' '27.76' '7000.0' '1']
 ['002479' '12.52' '7900.0' '1']
 ['600551' '9.53' '20800.0' '1']
 ['002216' '24.15' '4100.0' '1']
 ['601999' '6.26' '31700.0' '1']
 ['000603' '19.26' '5100.0' '1']
 ['600874' '4.68' '21300.0' '1']
 ['600059' '11.1' '17600.0' '1']
 ['002430' '9.97' '10000.0' '1']
 ['600290' '5.11' '38900.0' '1']
 ['600636' '12.9' '15100.0' '1']
 ['600069' '5.2' '37300.0' '1']
 ['600260' '10.1' '9800.0' '1']
 ['002340' '11.62' '16800.0' '1']
 ['000755' '5.18' '38300.0' '1']
 ['002121' '7.22' '13800.0' '1']
 ['600596' '7.25' '13700.0' '1']
 ['000006' '5.27' '18900.0' '1']
 ['001696' '5.76' '17300.0' '1']
 ['002011' '9.15' '21700.0' '1']
 ['600501' '8.01' '12400.0' '1']
 ['600333' '8.51' '23400.0' '1']
 ['600339' '4.76' '42100.0' '1']
 ['603001' '20.02' '4900.0' '1']
 ['603000' '37.9' '2600.0' '1']
 ['000719' '9.51' '10500.0' '1']]
Sell orders
[['002276' '5.22' '38300' '-1']
 ['600654' '4.14' '48000' '-1']
 ['000533' '3.99' '49700' '-1']
 ['600475' '9.92' '20000' '-1']
 ['600200' '7.32' '27200' '-1']
 ['000998' '20.2' '9700' '-1']
 ['002332' '9.68' '20300' '-1']
 ['601677' '11.08' '9000' '-1']
 ['000066' '3.34' '60100' '-1']
 ['600584' '4.23' '47200' '-1']
 ['600750' '19.9' '10100' '-1']
 ['002414' '16.07' '12300' '-1']
 ['600531' '16.83' '11600' '-1']
 ['002097' '6.78' '29100' '-1']
 ['600103' '2.88' '69000' '-1']
 ['002461' '8.72' '22800' '-1']
 ['000962' '12.42' '15900' '-1']
 ['600408' '4.0' '49800' '-1']
 ['002191' '8.99' '22000' '-1']
 ['000912' '5.04' '39500' '-1']
 ['002638' '10.03' '10000' '-1']
 ['000852' '14.28' '14000' '-1']
 ['600287' '5.84' '34100' '-1']
 ['600825' '4.86' '40900' '-1']
 ['002498' '9.05' '22000' '-1']
 ['600521' '11.52' '17300' '-1']
 ['000159' '6.36' '31000' '-1']
 ['601339' '8.13' '12300' '-1']
 ['600251' '16.2' '12200' '-1']
 ['000554' '4.88' '40600' '-1']
 ['600416' '5.18' '38600' '-1']
 ['000301' '3.07' '64800' '-1']
 ['601777' '6.39' '31300' '-1']
 ['600171' '4.75' '42000' '-1']
 ['600773' '11.31' '17400' '-1']
 ['000511' '3.82' '52600' '-1']
 ['600330' '5.25' '37800' '-1']
 ['600227' '3.62' '54800' '-1']
 ['000762' '12.46' '15900' '-1']
 ['000088' '4.05' '49400' '-1']
 ['600737' '5.31' '38000' '-1']
 ['600643' '7.85' '25200' '-1']
 ['000517' '7.56' '26600' '-1']
 ['600995' '5.52' '35700' '-1']
 ['600993' '14.05' '14100' '-1']
 ['600468' '10.55' '18700' '-1']
 ['600460' '3.73' '53300' '-1']
 ['000682' '3.08' '65100' '-1']
 ['000713' '10.68' '18500' '-1']
 ['601126' '14.13' '14100' '-1']]
380
=================时间:	093100
Buy orders
[['002063' '14.99' '6700.0' '1']]
Sell orders
[['600328' '6.67' '30100' '-1']
 ['002218' '6.13' '33100' '-1']]
379
=================时间:	093200
Sell orders
[['600351' '5.4' '37200' '-1']
 ['601801' '10.49' '19200' '-1']]
377
=================时间:	093300
Buy orders
[['002326' '11.37' '17200.0' '1']
 ['600645' '18.2' '5400.0' '1']]
378
=================时间:	093400
Buy orders
[['600226' '5.81' '33600.0' '1']]
379
379
379
=================时间:	093700
Buy orders
[['600757' '6.51' '15300.0' '1']
 ['002219' '14.43' '6900.0' '1']]
Sell orders
[['600673' '7.74' '25900' '-1']]
378
378
=================时间:	093900
Buy orders
[['002678' '12.06' '8200.0' '1']]
378
378
378
=================时间:	094200
Buy orders
[['600422' '19.35' '5100.0' '1']]
378
378
=================时间:	094400
Buy orders
[['000930' '5.15' '19400.0' '1']
 ['002456' '44.7' '2200.0' '1']]
378
=================时间:	094500
Buy orders
[['600435' '8.61' '11600.0' '1']]
378
378
=================时间:	094700
Buy orders
[['600884' '10.63' '9400.0' '1']]
378
378
378
378
=================时间:	095100
Buy orders
[['600522' '8.36' '11900.0' '1']]
378
378
378
=================时间:	095400
Buy orders
[['600295' '9.09' '10900.0' '1']]
378
378
378
378
378
=================时间:	095900
Sell orders
[['600300' '7.15' '28500' '-1']]
377
377
=================时间:	100100
Sell orders
[['000997' '8.15' '24700' '-1']]
376
376
376
376
376
376
376
=================时间:	100800
Buy orders
[['600197' '15.64' '6300.0' '1']]
376
376
376
376
376
376
376
376
376
=================时间:	101700
Buy orders
[['600702' '29.29' '3400.0' '1']]
376
376
376
376
376
376
376
376
376
=================时间:	102600
Buy orders
[['000506' '8.07' '12300.0' '1']]
376
376
376
376
376
376
=================时间:	103200
Buy orders
[['600311' '8.04' '24500.0' '1']]
377
377
377
377
377
377
377
377
=================时间:	104000
Buy orders
[['002672' '62.86' '1500.0' '1']]
377
377
377
377
377
377
=================时间:	104600
Buy orders
[['600292' '12.51' '7900.0' '1']]
377
377
377
377
377
377
377
377
377
377
377
377
377
377
377
377
377
377
=================时间:	110400
Buy orders
[['002308' '10.06' '9900.0' '1']]
377
377
377
377
377
377
377
377
377
377
377
377
377
377
=================时间:	111800
Buy orders
[['603366' '15.95' '6200.0' '1']]
377
377
377
377
377
377
377
377
377
=================时间:	112700
Buy orders
[['600685' '12.45' '8000.0' '1']]
377
=================时间:	112800
Buy orders
[['000726' '6.76' '14700.0' '1']]
377
=================时间:	112900
Buy orders
[['000979' '7.95' '12500.0' '1']]
377
=================时间:	130000
Buy orders
[['600183' '4.43' '22500.0' '1']]
377
=================时间:	130100
Buy orders
[['600079' '23.2' '4300.0' '1']]
377
377
377
377
377
377
=================时间:	130700
Buy orders
[['002648' '17.32' '5700.0' '1']]
377
377
377
377
377
377
377
377
377
=================时间:	131600
Buy orders
[['600054' '12.66' '7800.0' '1']]
377
=================时间:	131700
Buy orders
[['600329' '11.1' '9000.0' '1']]
377
377
377
377
=================时间:	132100
Buy orders
[['600736' '4.86' '20500.0' '1']]
377
=================时间:	132200
Buy orders
[['600467' '7.83' '12700.0' '1']]
377
377
=================时间:	132400
Buy orders
[['002065' '14.43' '6900.0' '1']]
377
377
=================时间:	132600
Buy orders
[['600503' '4.48' '43600.0' '1']]
378
378
378
378
=================时间:	133000
Buy orders
[['002424' '16.36' '6100.0' '1']]
378
378
378
378
378
378
=================时间:	133600
Buy orders
[['002004' '16.19' '6100.0' '1']]
378
378
378
378
378
378
378
378
378
378
378
378
378
378
378
378
378
378
378
378
378
378
378
378
378
378
378
378
378
378
378
378
378
378
378
378
378
378
378
378
378
378
=================时间:	141800
Buy orders
[['002250' '19.85' '5000.0' '1']]
378
378
378
378
378
378
378
378
378
378
378
378
378
378
378
378
378
378
378
378
378
378
378
378
378
378
378
378
378
378
378
378
378
378
378
378
378
378
378
378
378
========================================日期:	20130109
持有股票数量:	378
订阅股票数量:	453
378
=======建立底仓股票数量:	0
=================时间:	093000
Buy orders
[['000533' '3.98' '49600.0' '1']
 ['600475' '10.08' '19700.0' '1']
 ['600200' '7.52' '26900.0' '1']
 ['000998' '20.14' '9700.0' '1']
 ['002332' '9.99' '20000.0' '1']
 ['002238' '10.75' '18500.0' '1']
 ['601677' '11.22' '17900.0' '1']
 ['600584' '4.28' '46600.0' '1']
 ['002414' '16.26' '12200.0' '1']
 ['600531' '16.83' '11600.0' '1']
 ['002097' '6.82' '28900.0' '1']
 ['600103' '2.9' '68700.0' '1']
 ['600328' '6.72' '29700.0' '1']
 ['002461' '8.95' '22400.0' '1']
 ['000962' '12.43' '15900.0' '1']
 ['600408' '3.97' '49700.0' '1']
 ['002191' '9.01' '21900.0' '1']
 ['000912' '5.12' '39100.0' '1']
 ['000598' '7.38' '26900.0' '1']
 ['000852' '14.77' '13600.0' '1']
 ['600287' '5.98' '33600.0' '1']
 ['600825' '4.93' '40500.0' '1']
 ['601616' '3.9' '25600.0' '1']
 ['600521' '11.7' '17100.0' '1']
 ['000159' '6.39' '30900.0' '1']
 ['601339' '8.19' '24500.0' '1']
 ['600251' '16.4' '12000.0' '1']
 ['000301' '3.11' '64200.0' '1']
 ['002218' '6.24' '32700.0' '1']
 ['601777' '6.43' '31000.0' '1']
 ['600500' '5.74' '17400.0' '1']
 ['600673' '7.81' '25800.0' '1']
 ['600773' '11.39' '17300.0' '1']
 ['000511' '3.87' '51900.0' '1']
 ['600330' '5.33' '37400.0' '1']
 ['600227' '3.64' '54500.0' '1']
 ['600351' '5.45' '36800.0' '1']
 ['000939' '6.72' '14800.0' '1']
 ['601801' '10.58' '18900.0' '1']
 ['600737' '5.34' '37600.0' '1']
 ['600088' '9.48' '10500.0' '1']
 ['000517' '7.55' '26200.0' '1']
 ['600300' '7.17' '28200.0' '1']
 ['600993' '14.36' '13900.0' '1']
 ['600468' '10.61' '18700.0' '1']
 ['600397' '12.56' '7900.0' '1']
 ['000682' '3.1' '64500.0' '1']
 ['000713' '10.71' '18400.0' '1']
 ['600163' '3.67' '53300.0' '1']
 ['601126' '14.48' '13900.0' '1']]
Sell orders
[['600311' '8.12' '24500' '-1']
 ['601388' '12.01' '16700' '-1']
 ['002118' '7.47' '27000' '-1']
 ['600151' '5.55' '36800' '-1']
 ['600651' '4.7' '42500' '-1']
 ['600078' '8.38' '23300' '-1']
 ['600470' '9.02' '22000' '-1']
 ['600618' '8.16' '24400' '-1']
 ['002585' '9.66' '20300' '-1']
 ['002320' '9.63' '20700' '-1']
 ['002326' '11.6' '17200' '-1']
 ['600826' '11.08' '18000' '-1']
 ['002393' '31.98' '6100' '-1']
 ['600740' '8.49' '23000' '-1']
 ['000822' '4.03' '49600' '-1']
 ['600551' '9.55' '20800' '-1']
 ['601999' '6.27' '31700' '-1']
 ['600874' '4.74' '42400' '-1']
 ['600226' '5.82' '33600' '-1']
 ['600290' '5.18' '38900' '-1']
 ['600636' '13.1' '15100' '-1']
 ['600069' '5.22' '37300' '-1']
 ['601011' '10.8' '18200' '-1']
 ['002340' '11.87' '16800' '-1']
 ['001696' '5.83' '34400' '-1']
 ['002011' '9.26' '21700' '-1']
 ['600501' '8.1' '24800' '-1']
 ['600503' '4.46' '43600' '-1']
 ['600333' '8.28' '23400' '-1']
 ['000719' '9.57' '21200' '-1']]
393
=================时间:	093100
Sell orders
[['600596' '7.4' '26900' '-1']]
392
392
=================时间:	093300
Sell orders
[['000919' '7.02' '28700' '-1']]
391
391
391
391
391
391
391
391
391
=================时间:	094200
Buy orders
[['000620' '5.3' '18800.0' '1']
 ['000525' '12.47' '8000.0' '1']]
391
391
391
391
391
=================时间:	094700
Buy orders
[['000652' '3.66' '27300.0' '1']]
391
391
391
391
391
391
=================时间:	095300
Sell orders
[['600831' '6.64' '30300' '-1']]
390
=================时间:	095400
Sell orders
[['002479' '12.68' '15800' '-1']]
389
389
389
389
389
389
=================时间:	100000
Buy orders
[['601886' '23.35' '4200.0' '1']]
389
=================时间:	100100
Buy orders
[['600578' '7.67' '13000.0' '1']]
389
=================时间:	100200
Buy orders
[['002008' '8.82' '11300.0' '1']]
389
389
389
389
389
389
389
389
389
389
389
389
389
389
389
389
389
=================时间:	101900
Buy orders
[['000809' '13.1' '7600.0' '1']]
389
389
389
389
389
389
389
389
389
389
389
389
389
389
389
389
389
389
389
389
=================时间:	103900
Buy orders
[['002041' '24.64' '4000.0' '1']]
389
389
389
389
389
=================时间:	104400
Buy orders
[['002477' '19.55' '5100.0' '1']]
389
389
=================时间:	104600
Buy orders
[['000860' '14.25' '7000.0' '1']]
389
389
=================时间:	104800
Buy orders
[['002006' '9.48' '10500.0' '1']]
389
389
389
389
389
389
389
389
389
=================时间:	105700
Buy orders
[['600075' '7.05' '14100.0' '1']]
Sell orders
[['002121' '7.27' '27500' '-1']]
388
=================时间:	105800
Buy orders
[['000893' '11.98' '8300.0' '1']]
388
388
388
388
388
=================时间:	110300
Buy orders
[['600195' '13.33' '7400.0' '1']]
388
388
=================时间:	110500
Buy orders
[['600122' '4.13' '24200.0' '1']]
388
388
388
388
388
388
388
=================时间:	111200
Buy orders
[['600797' '4.51' '22100.0' '1']]
388
388
388
=================时间:	111500
Buy orders
[['000900' '8.95' '11100.0' '1']]
388
388
388
388
388
388
388
388
388
388
388
388
388
388
388
388
388
388
388
388
388
388
388
388
388
388
388
388
388
388
388
388
388
388
388
388
388
388
388
388
388
388
388
388
388
=================时间:	133000
Buy orders
[['000415' '6.82' '14600.0' '1']]
388
388
=================时间:	133200
Buy orders
[['600499' '9.02' '11000.0' '1']]
388
388
388
388
388
388
388
388
388
388
388
388
388
388
388
388
388
388
=================时间:	135000
Buy orders
[['002091' '8.84' '11300.0' '1']]
388
388
388
388
388
388
=================时间:	135600
Buy orders
[['002226' '12.4' '8000.0' '1']]
388
388
388
388
388
388
388
388
388
388
=================时间:	140600
Sell orders
[['600059' '11.48' '17600' '-1']]
387
387
387
387
387
387
387
387
387
387
387
=================时间:	141700
Sell orders
[['600388' '22.26' '8900' '-1']]
386
386
386
386
386
386
386
386
386
386
386
386
386
386
386
386
386
386
386
386
386
386
386
386
386
386
386
386
386
386
386
386
386
386
386
=================时间:	145200
Buy orders
[['600844' '12.29' '8100.0' '1']]
386
386
386
386
386
386
386
========================================日期:	20130110
持有股票数量:	386
订阅股票数量:	453
386
=======建立底仓股票数量:	0
=================时间:	093000
Buy orders
[['600311' '8.09' '24400.0' '1']
 ['601388' '12.13' '16500.0' '1']
 ['002118' '7.65' '26700.0' '1']
 ['600078' '8.54' '23400.0' '1']
 ['600618' '8.34' '24100.0' '1']
 ['002203' '7.17' '13900.0' '1']
 ['000919' '7.06' '28400.0' '1']
 ['002638' '10.31' '19600.0' '1']
 ['002326' '11.65' '17000.0' '1']
 ['600826' '11.0' '18000.0' '1']
 ['002393' '32.15' '6100.0' '1']
 ['000822' '4.05' '49200.0' '1']
 ['601999' '6.29' '31600.0' '1']
 ['600874' '4.77' '42000.0' '1']
 ['600171' '4.81' '41400.0' '1']
 ['600226' '5.87' '33500.0' '1']
 ['600290' '5.24' '38400.0' '1']
 ['600069' '5.3' '36900.0' '1']
 ['002168' '7.07' '27700.0' '1']
 ['002340' '12.09' '16500.0' '1']
 ['600501' '8.05' '24800.0' '1']
 ['600503' '4.49' '43500.0' '1']]
Sell orders
[['600200' '7.57' '26900' '-1']
 ['002332' '9.95' '20000' '-1']
 ['002232' '6.43' '31800' '-1']
 ['002414' '15.85' '12200' '-1']
 ['600531' '16.86' '11600' '-1']
 ['600328' '6.78' '29700' '-1']
 ['000962' '12.31' '15900' '-1']
 ['000852' '14.5' '13600' '-1']
 ['600825' '4.96' '40500' '-1']
 ['601616' '3.9' '50800' '-1']
 ['000738' '8.72' '23500' '-1']
 ['000301' '3.1' '64200' '-1']
 ['000603' '19.67' '10200' '-1']
 ['000511' '3.84' '51900' '-1']
 ['600330' '5.36' '37400' '-1']
 ['600351' '5.32' '36800' '-1']
 ['601801' '10.5' '18900' '-1']
 ['600737' '5.38' '37600' '-1']
 ['600088' '9.46' '21000' '-1']
 ['000517' '7.44' '26200' '-1']
 ['600300' '7.23' '28200' '-1']
 ['600993' '14.43' '13900' '-1']
 ['600468' '10.75' '18700' '-1']]
383
384
384
=================时间:	093300
Sell orders
[['002097' '6.86' '28900' '-1']]
383
=================时间:	093400
Sell orders
[['002461' '8.9' '22400' '-1']]
382
382
382
382
=================时间:	093800
Sell orders
[['601677' '11.36' '17900' '-1']]
381
381
381
381
381
381
381
381
=================时间:	094600
Buy orders
[['601880' '2.81' '35000' '1']]
382
382
382
382
382
382
382
382
382
382
382
382
=================时间:	095800
Buy orders
[['600220' '2.97' '33600.0' '1']]
382
382
382
382
382
382
382
382
382
382
382
=================时间:	100900
Buy orders
[['002396' '16.37' '6100.0' '1']]
382
382
382
382
382
382
382
382
382
382
382
382
382
382
382
382
382
382
382
382
382
382
382
382
382
382
382
382
382
382
382
382
382
382
382
382
382
382
382
382
382
=================时间:	105000
Buy orders
[['601519' '4.62' '21600.0' '1']]
382
382
382
382
382
382
382
382
382
382
382
382
382
382
382
382
382
382
382
382
382
382
382
382
382
382
382
382
382
382
382
382
382
382
382
382
382
382
382
382
382
382
382
382
382
382
382
382
382
382
382
382
382
382
382
382
382
382
382
382
382
382
382
382
382
382
382
382
382
382
382
382
=================时间:	133200
Buy orders
[['002083' '4.38' '22800.0' '1']]
382
382
382
382
382
382
382
382
382
382
382
=================时间:	134300
Buy orders
[['002325' '15.8' '6300.0' '1']]
382
382
382
382
382
382
382
382
382
382
382
382
=================时间:	135500
Sell orders
[['000682' '3.1' '64500' '-1']]
381
381
381
381
381
381
=================时间:	140100
Sell orders
[['002191' '9.09' '21900' '-1']]
380
380
380
380
380
380
380
380
380
380
380
380
380
380
380
380
380
380
380
380
380
380
380
380
380
380
380
380
380
380
380
380
380
380
380
380
380
380
380
380
380
380
380
380
380
380
380
380
380
380
380
380
380
380
380
380
380
380
========================================日期:	20130111
持有股票数量:	380
订阅股票数量:	449
380
=======建立底仓股票数量:	0
=================时间:	093000
Buy orders
[['600880' '10.48' '9500.0' '1']
 ['600468' '10.61' '18700.0' '1']
 ['601880' '2.82' '35400.0' '1']]
Sell orders
[['600078' '8.53' '23400' '-1']]
380
380
380
380
380
380
380
380
380
380
=================时间:	094000
Sell orders
[['600500' '5.87' '35000' '-1']]
379
379
379
379
379
379
379
379
379
379
379
379
379
379
379
379
379
379
379
379
379
379
379
379
379
379
379
379
379
379
379
379
379
379
379
379
379
379
379
379
379
379
379
379
379
379
379
379
379
379
379
379
379
379
379
379
379
379
379
379
379
379
379
379
379
379
379
379
379
379
379
379
379
379
379
379
379
379
379
379
379
379
379
379
379
379
379
379
379
379
379
379
379
379
379
379
379
379
379
379
379
379
379
379
379
379
379
379
379
379
379
379
379
379
379
379
379
379
379
379
379
379
379
379
379
379
379
379
379
379
379
379
379
379
379
379
379
379
379
379
379
379
379
379
379
379
379
379
379
379
379
379
379
379
379
379
379
379
379
379
379
379
379
379
379
379
379
379
379
379
379
379
379
379
379
379
379
379
379
379
379
379
379
379
379
379
379
379
379
379
379
379
379
379
379
379
379
379
379
379
379
379
379
379
379
379
379
379
379
379
379
379
379
379
379
379
379
379
379
379
379
379
379
379
379
379
379
379
379
========================================日期:	20130114
持有股票数量:	379
订阅股票数量:	449
379
=======建立底仓股票数量:	1
=================时间:	093000
Buy orders
[['002573' '18.49' '5400.0' '1']]
Sell orders
[['000598' '7.28' '26900' '-1']
 ['000939' '6.85' '29500' '-1']
 ['600468' '10.2' '18700' '-1']
 ['600501' '8.32' '24800' '-1']
 ['601880' '2.76' '70400' '-1']]
375
375
375
375
375
375
375
375
=================时间:	093800
Buy orders
[['000511' '3.81' '52300.0' '1']]
376
376
376
376
=================时间:	094200
Sell orders
[['600874' '4.8' '42000' '-1']]
375
375
375
=================时间:	094500
Sell orders
[['600880' '10.55' '19800' '-1']]
374
374
374
374
374
374
374
374
374
374
374
374
374
374
374
374
374
374
374
374
374
374
374
374
374
374
374
374
374
374
374
374
374
374
374
374
374
374
=================时间:	102300
Buy orders
[['000661' '62.99' '1500.0' '1']]
374
374
374
374
374
374
374
374
374
374
374
374
374
374
374
374
374
374
374
374
374
374
374
374
374
374
374
374
374
374
374
374
374
374
374
374
374
=================时间:	110000
Buy orders
[['600500' '5.76' '34900.0' '1']]
375
375
375
375
375
375
375
375
375
375
375
375
375
375
375
375
375
375
375
375
375
375
375
375
375
375
375
375
375
375
375
375
375
375
375
375
375
375
375
375
375
375
375
375
375
375
375
375
375
=================时间:	131900
Buy orders
[['002470' '15.43' '6400.0' '1']]
375
375
375
375
375
375
375
375
375
375
375
375
375
375
375
375
375
375
375
375
375
375
375
375
375
375
375
375
375
375
=================时间:	134900
Buy orders
[['600480' '6.98' '14300.0' '1']]
375
375
375
375
=================时间:	135300
Buy orders
[['002437' '20.14' '4900.0' '1']]
375
375
375
375
375
375
375
375
375
375
375
375
375
375
375
375
375
375
=================时间:	141100
Buy orders
[['600525' '6.5' '15300.0' '1']]
375
375
375
375
375
375
375
375
375
375
375
375
375
375
375
375
375
375
375
=================时间:	143000
Buy orders
[['002450' '24.85' '4000.0' '1']]
375
375
375
375
375
=================时间:	143500
Buy orders
[['600138' '16.59' '6000.0' '1']]
375
375
375
375
375
375
375
375
375
375
375
375
375
375
375
375
375
375
375
375
375
375
375
375
========================================日期:	20130115
持有股票数量:	375
订阅股票数量:	447
375
=======建立底仓股票数量:	0
=================时间:	093000
Buy orders
[['600880' '10.82' '19500.0' '1']
 ['600021' '4.8' '20800.0' '1']]
376
376
376
376
376
=================时间:	093500
Buy orders
[['600864' '5.97' '16700.0' '1']]
376
376
376
376
376
376
376
=================时间:	094200
Buy orders
[['002285' '14.59' '6800.0' '1']]
376
376
376
376
=================时间:	094600
Buy orders
[['600410' '6.67' '14900.0' '1']]
376
376
376
376
376
376
376
376
376
=================时间:	095500
Buy orders
[['000050' '8.63' '11500.0' '1']]
376
376
376
376
376
376
376
376
376
376
376
376
376
376
376
376
376
376
376
376
376
376
376
=================时间:	101800
Buy orders
[['600008' '4.52' '22100.0' '1']]
376
376
376
376
376
376
376
376
376
376
376
376
376
376
376
376
376
376
376
376
376
376
376
376
376
376
376
376
376
376
376
376
376
376
376
376
376
376
376
376
376
376
376
376
376
376
376
376
376
376
376
376
376
376
376
376
376
376
376
376
376
376
=================时间:	112000
Buy orders
[['600373' '15.03' '6600.0' '1']
 ['000917' '10.75' '9200.0' '1']]
376
376
376
376
376
376
376
376
376
376
376
376
376
376
376
376
376
376
376
=================时间:	130900
Buy orders
[['000830' '4.32' '23100.0' '1']]
376
376
376
376
376
376
=================时间:	131500
Buy orders
[['600436' '108.5' '900.0' '1']]
376
376
376
376
376
376
376
376
376
376
376
376
376
376
376
376
376
376
376
376
376
=================时间:	133600
Buy orders
[['000021' '4.83' '20600.0' '1']]
376
376
376
376
376
376
376
376
376
376
376
=================时间:	134700
Buy orders
[['000636' '6.55' '15200.0' '1']]
376
376
376
376
376
376
=================时间:	135300
Buy orders
[['000911' '8.64' '11500.0' '1']]
376
376
=================时间:	135500
Buy orders
[['600824' '4.6' '21700.0' '1']]
376
376
376
376
376
376
376
376
376
376
376
376
376
376
=================时间:	140900
Buy orders
[['002345' '19.94' '5000.0' '1']]
376
376
376
376
376
=================时间:	141400
Buy orders
[['600366' '17.4' '5700.0' '1']]
376
376
376
376
376
376
376
376
376
376
376
376
376
376
=================时间:	142800
Buy orders
[['002482' '21.4' '4600.0' '1']]
376
376
376
376
376
376
376
376
376
376
376
376
376
376
376
376
376
376
376
376
376
376
376
376
376
376
376
376
376
376
376
========================================日期:	20130116
持有股票数量:	376
订阅股票数量:	447
376
=======建立底仓股票数量:	0
=================时间:	093000
Sell orders
[['600880' '10.95' '19500' '-1']]
375
375
375
375
375
375
=================时间:	093600
Buy orders
[['002225' '7.71' '12900.0' '1']]
375
375
375
=================时间:	093900
Buy orders
[['002283' '6.9' '14400.0' '1']]
375
375
375
375
375
375
375
375
375
375
375
375
375
375
375
375
375
375
=================时间:	095700
Buy orders
[['000887' '9.63' '10300.0' '1']]
375
375
375
375
375
375
375
375
375
375
375
375
375
375
375
375
375
375
375
375
375
375
375
375
375
375
=================时间:	102300
Buy orders
[['600139' '10.3' '9700.0' '1']]
375
375
375
=================时间:	102600
Buy orders
[['002428' '24.8' '4000.0' '1']]
375
375
375
375
375
375
375
375
=================时间:	103400
Buy orders
[['600717' '6.29' '15900.0' '1']]
375
375
375
375
375
375
=================时间:	104000
Buy orders
[['002237' '24.5' '4000.0' '1']]
375
375
375
375
375
375
375
375
375
375
375
375
375
375
375
375
375
375
375
375
375
375
375
375
375
375
375
375
375
375
375
375
375
375
375
375
375
375
375
375
375
375
375
375
375
375
375
375
375
375
375
375
375
375
375
375
375
375
375
375
375
375
375
375
375
375
375
375
375
375
375
375
375
375
375
375
375
375
375
375
375
375
375
375
375
375
375
375
375
375
375
375
375
375
375
375
375
375
375
375
375
375
375
375
375
375
375
375
375
375
375
375
375
375
375
375
375
375
375
375
375
375
375
375
375
375
375
375
375
375
375
375
375
375
375
375
375
375
375
375
375
375
375
375
375
375
375
375
375
375
375
375
375
375
375
375
375
375
375
375
375
375
375
375
375
375
375
375
375
========================================日期:	20130117
持有股票数量:	375
订阅股票数量:	449
375
=======建立底仓股票数量:	2
=================时间:	093000
Buy orders
[['600683' '5.78' '17300.0' '1']
 ['600880' '10.72' '19600.0' '1']]
378
=================时间:	093100
Buy orders
[['600755' '4.66' '21400.0' '1']]
378
378
378
378
378
378
378
=================时间:	093800
Buy orders
[['600017' '2.94' '34000.0' '1']]
378
378
378
378
378
378
378
378
378
378
378
378
378
378
378
378
378
378
378
378
378
378
378
378
378
378
378
378
378
378
=================时间:	100800
Buy orders
[['002663' '30.3' '3300.0' '1']
 ['002078' '5.46' '18300.0' '1']]
378
378
378
378
378
378
378
378
378
378
378
378
378
378
378
378
378
378
378
378
378
378
378
378
378
378
378
378
378
378
378
378
378
378
378
378
378
378
378
378
378
378
378
378
378
378
378
378
378
378
378
378
378
378
378
378
378
378
378
378
378
378
378
378
378
378
378
378
378
378
378
378
378
378
378
378
378
378
378
378
378
378
378
378
378
378
378
378
378
378
378
378
378
378
378
378
378
378
378
378
378
378
378
378
378
378
378
378
378
378
378
378
378
378
378
378
378
378
378
378
378
378
378
378
378
378
378
378
378
378
378
378
378
378
378
378
378
378
378
378
378
378
378
378
378
378
378
378
378
378
378
378
378
378
378
378
378
378
378
378
378
378
378
378
378
378
378
378
378
378
378
378
378
378
378
378
378
378
378
378
378
378
378
378
378
378
378
378
=================时间:	144600
Buy orders
[['600004' '7.32' '13600.0' '1']]
378
378
378
378
378
378
378
378
378
378
378
378
378
========================================日期:	20130118
持有股票数量:	378
订阅股票数量:	452
378
=======建立底仓股票数量:	3
=================时间:	093000
Buy orders
[['600747' '4.92' '20300.0' '1']
 ['600961' '10.0' '10000.0' '1']
 ['600644' '8.97' '11100.0' '1']
 ['601880' '2.81' '70500.0' '1']]
382
382
382
382
382
382
382
382
382
382
382
382
382
382
382
382
382
382
382
382
382
382
382
382
382
382
382
382
382
382
382
382
382
382
382
382
382
382
382
382
382
382
382
382
382
382
382
382
382
382
382
382
382
382
382
382
382
382
382
382
382
382
382
382
382
382
382
382
382
382
382
382
382
382
382
382
382
382
382
382
382
382
382
382
382
382
382
382
382
382
382
382
382
382
382
382
382
382
382
382
382
382
382
382
382
382
382
382
382
=================时间:	111900
Buy orders
[['000697' '15.19' '6500.0' '1']]
382
382
382
382
=================时间:	112300
Buy orders
[['000503' '9.93' '10000.0' '1']]
382
382
382
382
382
382
382
382
382
382
382
382
382
382
382
382
382
382
382
382
382
382
382
382
382
382
382
382
382
382
382
382
382
382
382
382
382
382
382
382
382
382
382
382
382
382
382
382
=================时间:	134100
Buy orders
[['000090' '7.87' '12700.0' '1']]
382
382
382
382
382
382
382
382
382
382
382
382
382
382
382
382
382
382
382
382
382
382
382
382
382
382
382
382
382
382
382
382
382
382
382
382
382
382
382
382
382
382
382
382
382
382
382
382
382
382
382
382
382
382
382
382
382
382
382
382
382
382
382
382
382
382
382
382
382
382
382
382
=================时间:	145300
Buy orders
[['000410' '6.85' '14600.0' '1']]
382
382
382
382
382
382
========================================日期:	20130121
持有股票数量:	382
订阅股票数量:	452
382
=======建立底仓股票数量:	0
=================时间:	093000
Buy orders
[['002233' '8.37' '11900.0' '1']
 ['002440' '15.4' '6400.0' '1']
 ['600438' '6.52' '15300.0' '1']]
Sell orders
[['600961' '9.96' '19700' '-1']
 ['601880' '2.84' '70500' '-1']]
380
380
=================时间:	093200
Buy orders
[['002429' '13.96' '7100.0' '1']]
380
380
380
380
=================时间:	093600
Buy orders
[['000572' '3.05' '32700.0' '1']]
380
380
380
380
380
380
380
380
380
=================时间:	094500
Buy orders
[['000828' '4.69' '21300.0' '1']]
380
380
380
380
380
380
380
380
380
380
380
=================时间:	095600
Buy orders
[['600983' '7.96' '12500.0' '1']]
380
380
380
380
380
380
380
380
380
380
380
380
380
380
380
=================时间:	101100
Buy orders
[['600805' '12.16' '8200.0' '1']]
380
380
380
380
=================时间:	101500
Buy orders
[['600418' '7.26' '13700.0' '1']]
380
380
380
380
380
380
380
380
380
380
380
380
380
380
380
380
380
380
380
380
380
380
380
380
380
380
380
380
380
380
380
380
380
380
380
380
380
380
380
380
380
380
380
380
380
380
380
380
380
380
380
380
380
380
380
380
380
380
380
380
380
380
380
380
380
380
380
380
380
380
380
380
380
380
380
380
380
380
380
380
380
380
380
380
380
380
380
380
380
380
380
380
380
380
=================时间:	131900
Buy orders
[['601100' '12.15' '8200.0' '1']]
380
380
380
380
380
380
380
380
380
380
380
380
380
380
380
380
380
380
380
380
380
380
380
380
380
380
380
380
380
380
380
380
380
380
380
380
380
380
380
380
380
380
380
380
380
380
380
380
380
380
380
380
380
380
380
380
380
380
380
380
380
380
380
380
380
380
380
380
380
380
380
380
380
380
380
380
380
380
380
380
380
380
380
380
380
380
380
380
380
380
380
380
380
380
380
380
380
380
380
380
========================================日期:	20130122
持有股票数量:	380
订阅股票数量:	453
380
=======建立底仓股票数量:	1
=================时间:	093000
Buy orders
[['002480' '12.16' '8200.0' '1']
 ['000517' '7.3' '26700.0' '1']]
382
382
382
=================时间:	093300
Buy orders
[['600801' '15.55' '6400.0' '1']]
382
382
382
382
382
382
382
382
382
382
382
382
382
382
382
382
382
382
382
382
382
382
382
382
382
382
382
382
382
382
382
382
382
382
382
382
382
382
382
382
382
382
=================时间:	101500
Buy orders
[['600469' '9.32' '10700.0' '1']]
382
382
382
382
382
382
382
382
382
382
382
382
382
382
382
382
382
382
382
382
382
382
382
382
382
382
382
382
382
382
382
382
382
382
382
382
382
382
382
382
382
382
382
382
382
382
382
382
382
382
382
382
382
382
382
382
382
382
382
382
382
382
382
382
382
382
382
382
382
382
382
382
382
382
382
382
382
382
382
382
382
382
382
382
382
382
382
382
382
382
382
382
382
382
382
382
382
382
382
382
382
382
382
382
382
382
=================时间:	133100
Buy orders
[['600269' '3.53' '28300.0' '1']]
382
382
382
382
382
382
382
382
382
382
382
382
382
382
382
382
382
382
382
382
382
382
382
382
382
382
382
382
382
382
382
382
382
382
382
382
382
382
=================时间:	140900
Buy orders
[['002183' '5.04' '19800.0' '1']]
382
=================时间:	141000
Sell orders
[['600231' '4.44' '40700' '-1']]
381
381
=================时间:	141200
Sell orders
[['002219' '13.33' '14000' '-1']]
380
380
380
380
380
380
380
380
380
380
380
380
380
380
380
380
380
380
380
380
380
380
380
380
380
380
380
380
380
380
380
380
380
380
380
380
380
380
380
380
380
380
380
380
380
380
380
========================================日期:	20130123
持有股票数量:	380
订阅股票数量:	454
380
=======建立底仓股票数量:	1
=================时间:	093000
Buy orders
[['600611' '5.04' '19800.0' '1']
 ['601880' '2.84' '70100.0' '1']]
Sell orders
[['601636' '6.76' '14500' '-1']
 ['002480' '12.08' '16100' '-1']
 ['000918' '3.71' '49400' '-1']
 ['600223' '5.28' '17300' '-1']
 ['000517' '7.07' '26700' '-1']
 ['000543' '6.98' '12800' '-1']
 ['002083' '4.12' '22800.0' '-1']
 ['600239' '7.73' '11200' '-1']
 ['600438' '6.46' '30100' '-1']]
374
374
374
374
374
374
374
374
374
374
374
374
374
374
374
374
=================时间:	094600
Buy orders
[['600231' '4.47' '42500.0' '1']]
375
375
375
375
375
375
375
375
375
=================时间:	095500
Buy orders
[['002219' '13.45' '14500.0' '1']]
376
376
376
376
376
376
376
376
376
376
376
376
376
376
376
376
376
376
376
376
376
376
376
376
376
376
376
376
376
376
376
376
376
376
376
376
376
376
376
376
376
376
376
376
376
376
376
376
376
376
376
376
376
376
376
376
376
376
376
376
376
376
376
376
376
376
376
376
376
376
376
=================时间:	110600
Sell orders
[['002225' '7.31' '26500' '-1']]
375
375
375
375
375
375
375
375
375
375
375
375
375
375
375
375
375
=================时间:	112300
Sell orders
[['002123' '8.55' '22500' '-1']]
374
374
374
374
374
374
374
374
=================时间:	130100
Sell orders
[['000816' '5.15' '36800' '-1']]
373
373
373
373
373
373
373
373
373
=================时间:	131000
Buy orders
[['600300' '6.79' '28900.0' '1']]
374
374
374
374
=================时间:	131400
Sell orders
[['600790' '5.86' '31900' '-1']]
373
=================时间:	131500
Sell orders
[['000930' '4.81' '39900' '-1']]
372
372
372
372
372
372
372
372
372
372
372
372
372
372
372
372
372
372
372
372
372
372
372
372
372
372
372
372
372
372
372
372
372
372
372
372
372
372
372
372
=================时间:	135500
Sell orders
[['600139' '9.41' '19900' '-1']]
371
371
371
371
371
371
371
371
371
371
371
371
371
371
371
371
371
371
371
371
371
371
371
371
371
371
371
371
371
371
371
371
371
371
371
371
371
371
371
371
371
371
371
371
371
371
371
371
371
371
371
371
371
371
371
371
371
371
371
371
371
371
371
371
========================================日期:	20130124
持有股票数量:	371
订阅股票数量:	454
371
=======建立底仓股票数量:	0
=================时间:	093000
Buy orders
[['600790' '6.0' '32700.0' '1']
 ['002480' '12.28' '16000.0' '1']
 ['000816' '5.22' '37300.0' '1']
 ['000918' '3.75' '50700.0' '1']
 ['000517' '7.11' '27000.0' '1']
 ['000930' '4.86' '20500.0' '1']
 ['002225' '7.56' '13600.0' '1']
 ['002083' '4.14' '24000.0' '1']
 ['601515' '13.95' '7100.0' '1']
 ['600239' '7.81' '23900.0' '1']]
Sell orders
[['002029' '17.95' '5200' '-1']
 ['600449' '8.66' '10800' '-1']
 ['600176' '9.26' '9800' '-1']
 ['600458' '12.8' '7500' '-1']
 ['002048' '7.04' '13800' '-1']
 ['601880' '2.86' '70100' '-1']
 ['603001' '20.0' '9900' '-1']]
372
372
372
=================时间:	093300
Buy orders
[['600139' '9.45' '20700.0' '1']]
373
=================时间:	093400
Buy orders
[['600628' '7.01' '14200.0' '1']
 ['002123' '8.6' '22800.0' '1']]
374
374
374
374
374
374
374
374
374
374
=================时间:	094400
Buy orders
[['600978' '4.79' '40900.0' '1']]
375
375
=================时间:	094600
Sell orders
[['600231' '4.47' '42500' '-1']]
374
374
374
374
374
374
374
374
374
374
374
374
374
374
374
374
374
374
374
=================时间:	100500
Buy orders
[['000543' '7.04' '26900.0' '1']]
375
375
375
375
375
375
375
375
=================时间:	101300
Buy orders
[['600223' '5.28' '36100.0' '1']]
376
=================时间:	101400
Buy orders
[['601636' '6.75' '29200.0' '1']]
377
=================时间:	101500
Buy orders
[['600720' '10.78' '9200.0' '1']]
377
377
377
377
377
377
377
377
377
377
377
377
377
377
377
377
377
377
377
377
377
377
377
377
=================时间:	103900
Buy orders
[['000563' '14.33' '6900.0' '1']]
377
377
377
377
377
377
377
377
377
377
377
377
377
377
377
377
377
377
377
377
377
377
377
377
377
377
377
377
377
377
377
377
377
377
377
377
377
377
377
377
377
377
377
377
377
377
377
377
377
377
377
=================时间:	130000
Sell orders
[['600888' '9.04' '20400' '-1']
 ['002309' '11.11' '17200' '-1']]
375
=================时间:	130100
Sell orders
[['600429' '5.91' '30900' '-1']]
374
=================时间:	130200
Sell orders
[['002219' '13.47' '14500' '-1']]
373
373
=================时间:	130400
Sell orders
[['600220' '2.82' '68600' '-1']
 ['000501' '11.22' '16800' '-1']]
371
=================时间:	130500
Sell orders
[['002237' '21.81' '8300' '-1']]
370
370
370
370
370
370
370
370
370
370
=================时间:	131500
Sell orders
[['600261' '8.35' '22700' '-1']]
369
=================时间:	131600
Sell orders
[['000861' '13.55' '14000' '-1']
 ['0024